Active-HDL 9.3.2745.4995  2014-08-29 9:50:18 AM

Elaboration top modules:
Architecture                  edgedetect(edgedetect)


--------------------------------------------------------------------------------------------
Entity     | Architecture | Library | Info | Compiler Version         | Compilation Options
--------------------------------------------------------------------------------------------
edgedetect | edgedetect   | edgedet |      | 9.3.2745.4995  (Windows) | -O3
--------------------------------------------------------------------------------------------

--------------------------------------------------------------------------------------------
VHDL Package              | Library | Info | Compiler Version         | Compilation Options
--------------------------------------------------------------------------------------------
standard                  | std     |      |                          | 
TEXTIO                    | std     |      | 9.3.2745.4995  (Windows) |  -2008
std_logic_1164            | ieee    |      | 9.3.2745.4995  (Windows) |  -2008
--------------------------------------------------------------------------------------------

--------------------------------------------------------------------------------------------
Library                   | Comment
--------------------------------------------------------------------------------------------
edgedet                   | None
ieee                      | Standard IEEE packages library
std                       | Standard VHDL library
--------------------------------------------------------------------------------------------
